[2025-05-06 17:00:22.103] (INFO) 
████████╗██████╗ ███████╗███████╗████████╗██╗  ██╗███████╗███████╗███████╗███████╗██████╗    ██████╗ ███████╗██╗   ██╗
╚══██╔══╝██╔══██╗██╔════╝██╔════╝╚══██╔══╝██║  ██║██╔════╝██╔════╝██╔════╝██╔════╝██╔══██╗   ██╔══██╗██╔════╝██║   ██║
   ██║   ██████╔╝█████╗  █████╗     ██║   ███████║█████╗  ███████╗█████╗  █████╗  ██║  ██║   ██║  ██║█████╗  ██║   ██║
   ██║   ██╔══██╗██╔══╝  ██╔══╝     ██║   ██╔══██║██╔══╝  ╚════██║██╔══╝  ██╔══╝  ██║  ██║   ██║  ██║██╔══╝  ╚██╗ ██╔╝
   ██║   ██║  ██║███████╗███████╗██╗██║   ██║  ██║███████╗███████║███████╗███████╗██████╔╝██╗██████╔╝███████╗ ╚████╔╝ 
   ╚═╝   ╚═╝  ╚═╝╚══════╝╚══════╝╚═╝╚═╝   ╚═╝  ╚═╝╚══════╝╚══════╝╚══════╝╚══════╝╚═════╝ ╚═╝╚═════╝ ╚══════╝  ╚═══╝  

[2025-05-06 17:11:46.085] (INFO) 
████████╗██████╗ ███████╗███████╗████████╗██╗  ██╗███████╗███████╗███████╗███████╗██████╗    ██████╗ ███████╗██╗   ██╗
╚══██╔══╝██╔══██╗██╔════╝██╔════╝╚══██╔══╝██║  ██║██╔════╝██╔════╝██╔════╝██╔════╝██╔══██╗   ██╔══██╗██╔════╝██║   ██║
   ██║   ██████╔╝█████╗  █████╗     ██║   ███████║█████╗  ███████╗█████╗  █████╗  ██║  ██║   ██║  ██║█████╗  ██║   ██║
   ██║   ██╔══██╗██╔══╝  ██╔══╝     ██║   ██╔══██║██╔══╝  ╚════██║██╔══╝  ██╔══╝  ██║  ██║   ██║  ██║██╔══╝  ╚██╗ ██╔╝
   ██║   ██║  ██║███████╗███████╗██╗██║   ██║  ██║███████╗███████║███████╗███████╗██████╔╝██╗██████╔╝███████╗ ╚████╔╝ 
   ╚═╝   ╚═╝  ╚═╝╚══════╝╚══════╝╚═╝╚═╝   ╚═╝  ╚═╝╚══════╝╚══════╝╚══════╝╚══════╝╚═════╝ ╚═╝╚═════╝ ╚══════╝  ╚═══╝  

[2025-05-06 17:11:59.613] (INFO) 
████████╗██████╗ ███████╗███████╗████████╗██╗  ██╗███████╗███████╗███████╗███████╗██████╗    ██████╗ ███████╗██╗   ██╗
╚══██╔══╝██╔══██╗██╔════╝██╔════╝╚══██╔══╝██║  ██║██╔════╝██╔════╝██╔════╝██╔════╝██╔══██╗   ██╔══██╗██╔════╝██║   ██║
   ██║   ██████╔╝█████╗  █████╗     ██║   ███████║█████╗  ███████╗█████╗  █████╗  ██║  ██║   ██║  ██║█████╗  ██║   ██║
   ██║   ██╔══██╗██╔══╝  ██╔══╝     ██║   ██╔══██║██╔══╝  ╚════██║██╔══╝  ██╔══╝  ██║  ██║   ██║  ██║██╔══╝  ╚██╗ ██╔╝
   ██║   ██║  ██║███████╗███████╗██╗██║   ██║  ██║███████╗███████║███████╗███████╗██████╔╝██╗██████╔╝███████╗ ╚████╔╝ 
   ╚═╝   ╚═╝  ╚═╝╚══════╝╚══════╝╚═╝╚═╝   ╚═╝  ╚═╝╚══════╝╚══════╝╚══════╝╚══════╝╚═════╝ ╚═╝╚═════╝ ╚══════╝  ╚═══╝  

[2025-05-06 17:12:24.538] (INFO) 
████████╗██████╗ ███████╗███████╗████████╗██╗  ██╗███████╗███████╗███████╗███████╗██████╗    ██████╗ ███████╗██╗   ██╗
╚══██╔══╝██╔══██╗██╔════╝██╔════╝╚══██╔══╝██║  ██║██╔════╝██╔════╝██╔════╝██╔════╝██╔══██╗   ██╔══██╗██╔════╝██║   ██║
   ██║   ██████╔╝█████╗  █████╗     ██║   ███████║█████╗  ███████╗█████╗  █████╗  ██║  ██║   ██║  ██║█████╗  ██║   ██║
   ██║   ██╔══██╗██╔══╝  ██╔══╝     ██║   ██╔══██║██╔══╝  ╚════██║██╔══╝  ██╔══╝  ██║  ██║   ██║  ██║██╔══╝  ╚██╗ ██╔╝
   ██║   ██║  ██║███████╗███████╗██╗██║   ██║  ██║███████╗███████║███████╗███████╗██████╔╝██╗██████╔╝███████╗ ╚████╔╝ 
   ╚═╝   ╚═╝  ╚═╝╚══════╝╚══════╝╚═╝╚═╝   ╚═╝  ╚═╝╚══════╝╚══════╝╚══════╝╚══════╝╚═════╝ ╚═╝╚═════╝ ╚══════╝  ╚═══╝  

[2025-05-06 17:14:36.260] (INFO) 
████████╗██████╗ ███████╗███████╗████████╗██╗  ██╗███████╗███████╗███████╗███████╗██████╗    ██████╗ ███████╗██╗   ██╗
╚══██╔══╝██╔══██╗██╔════╝██╔════╝╚══██╔══╝██║  ██║██╔════╝██╔════╝██╔════╝██╔════╝██╔══██╗   ██╔══██╗██╔════╝██║   ██║
   ██║   ██████╔╝█████╗  █████╗     ██║   ███████║█████╗  ███████╗█████╗  █████╗  ██║  ██║   ██║  ██║█████╗  ██║   ██║
   ██║   ██╔══██╗██╔══╝  ██╔══╝     ██║   ██╔══██║██╔══╝  ╚════██║██╔══╝  ██╔══╝  ██║  ██║   ██║  ██║██╔══╝  ╚██╗ ██╔╝
   ██║   ██║  ██║███████╗███████╗██╗██║   ██║  ██║███████╗███████║███████╗███████╗██████╔╝██╗██████╔╝███████╗ ╚████╔╝ 
   ╚═╝   ╚═╝  ╚═╝╚══════╝╚══════╝╚═╝╚═╝   ╚═╝  ╚═╝╚══════╝╚══════╝╚══════╝╚══════╝╚═════╝ ╚═╝╚═════╝ ╚══════╝  ╚═══╝  

[2025-05-06 17:18:11.181] (INFO) 
████████╗██████╗ ███████╗███████╗████████╗██╗  ██╗███████╗███████╗███████╗███████╗██████╗    ██████╗ ███████╗██╗   ██╗
╚══██╔══╝██╔══██╗██╔════╝██╔════╝╚══██╔══╝██║  ██║██╔════╝██╔════╝██╔════╝██╔════╝██╔══██╗   ██╔══██╗██╔════╝██║   ██║
   ██║   ██████╔╝█████╗  █████╗     ██║   ███████║█████╗  ███████╗█████╗  █████╗  ██║  ██║   ██║  ██║█████╗  ██║   ██║
   ██║   ██╔══██╗██╔══╝  ██╔══╝     ██║   ██╔══██║██╔══╝  ╚════██║██╔══╝  ██╔══╝  ██║  ██║   ██║  ██║██╔══╝  ╚██╗ ██╔╝
   ██║   ██║  ██║███████╗███████╗██╗██║   ██║  ██║███████╗███████║███████╗███████╗██████╔╝██╗██████╔╝███████╗ ╚████╔╝ 
   ╚═╝   ╚═╝  ╚═╝╚══════╝╚══════╝╚═╝╚═╝   ╚═╝  ╚═╝╚══════╝╚══════╝╚══════╝╚══════╝╚═════╝ ╚═╝╚═════╝ ╚══════╝  ╚═══╝  

[2025-05-06 17:20:06.092] (INFO) 
████████╗██████╗ ███████╗███████╗████████╗██╗  ██╗███████╗███████╗███████╗███████╗██████╗    ██████╗ ███████╗██╗   ██╗
╚══██╔══╝██╔══██╗██╔════╝██╔════╝╚══██╔══╝██║  ██║██╔════╝██╔════╝██╔════╝██╔════╝██╔══██╗   ██╔══██╗██╔════╝██║   ██║
   ██║   ██████╔╝█████╗  █████╗     ██║   ███████║█████╗  ███████╗█████╗  █████╗  ██║  ██║   ██║  ██║█████╗  ██║   ██║
   ██║   ██╔══██╗██╔══╝  ██╔══╝     ██║   ██╔══██║██╔══╝  ╚════██║██╔══╝  ██╔══╝  ██║  ██║   ██║  ██║██╔══╝  ╚██╗ ██╔╝
   ██║   ██║  ██║███████╗███████╗██╗██║   ██║  ██║███████╗███████║███████╗███████╗██████╔╝██╗██████╔╝███████╗ ╚████╔╝ 
   ╚═╝   ╚═╝  ╚═╝╚══════╝╚══════╝╚═╝╚═╝   ╚═╝  ╚═╝╚══════╝╚══════╝╚══════╝╚══════╝╚═════╝ ╚═╝╚═════╝ ╚══════╝  ╚═══╝  

[2025-05-06 17:20:06.224] (INFO) Boup Bip Bip ! (Listen on 2083)
[2025-05-06 17:21:24.562] (INFO) 
████████╗██████╗ ███████╗███████╗████████╗██╗  ██╗███████╗███████╗███████╗███████╗██████╗    ██████╗ ███████╗██╗   ██╗
╚══██╔══╝██╔══██╗██╔════╝██╔════╝╚══██╔══╝██║  ██║██╔════╝██╔════╝██╔════╝██╔════╝██╔══██╗   ██╔══██╗██╔════╝██║   ██║
   ██║   ██████╔╝█████╗  █████╗     ██║   ███████║█████╗  ███████╗█████╗  █████╗  ██║  ██║   ██║  ██║█████╗  ██║   ██║
   ██║   ██╔══██╗██╔══╝  ██╔══╝     ██║   ██╔══██║██╔══╝  ╚════██║██╔══╝  ██╔══╝  ██║  ██║   ██║  ██║██╔══╝  ╚██╗ ██╔╝
   ██║   ██║  ██║███████╗███████╗██╗██║   ██║  ██║███████╗███████║███████╗███████╗██████╔╝██╗██████╔╝███████╗ ╚████╔╝ 
   ╚═╝   ╚═╝  ╚═╝╚══════╝╚══════╝╚═╝╚═╝   ╚═╝  ╚═╝╚══════╝╚══════╝╚══════╝╚══════╝╚═════╝ ╚═╝╚═════╝ ╚══════╝  ╚═══╝  

[2025-05-06 17:21:24.645] (INFO) Boup Bip Bip ! (Listen on 2083)
[2025-05-06 17:22:02.636] (INFO) 
████████╗██████╗ ███████╗███████╗████████╗██╗  ██╗███████╗███████╗███████╗███████╗██████╗    ██████╗ ███████╗██╗   ██╗
╚══██╔══╝██╔══██╗██╔════╝██╔════╝╚══██╔══╝██║  ██║██╔════╝██╔════╝██╔════╝██╔════╝██╔══██╗   ██╔══██╗██╔════╝██║   ██║
   ██║   ██████╔╝█████╗  █████╗     ██║   ███████║█████╗  ███████╗█████╗  █████╗  ██║  ██║   ██║  ██║█████╗  ██║   ██║
   ██║   ██╔══██╗██╔══╝  ██╔══╝     ██║   ██╔══██║██╔══╝  ╚════██║██╔══╝  ██╔══╝  ██║  ██║   ██║  ██║██╔══╝  ╚██╗ ██╔╝
   ██║   ██║  ██║███████╗███████╗██╗██║   ██║  ██║███████╗███████║███████╗███████╗██████╔╝██╗██████╔╝███████╗ ╚████╔╝ 
   ╚═╝   ╚═╝  ╚═╝╚══════╝╚══════╝╚═╝╚═╝   ╚═╝  ╚═╝╚══════╝╚══════╝╚══════╝╚══════╝╚═════╝ ╚═╝╚═════╝ ╚══════╝  ╚═══╝  

[2025-05-06 17:22:02.774] (INFO) Boup Bip Bip ! (Listen on 2083)
[2025-05-06 17:22:02.823] (INFO) Bip Boup Boup Bip ! (Mysql - OK)
[2025-05-06 17:37:35.510] (INFO) OPTIONS /cv/public/contact - ::ffff:141.101.69.152

[2025-05-06 17:37:35.604] (INFO) POST /cv/public/contact - ::ffff:141.101.69.152

[2025-05-06 17:37:35.610] (INFO) POST /public/contact - {} - By ::ffff:141.101.69.152
[2025-05-06 18:28:06.785] (INFO) 
████████╗██████╗ ███████╗███████╗████████╗██╗  ██╗███████╗███████╗███████╗███████╗██████╗    ██████╗ ███████╗██╗   ██╗
╚══██╔══╝██╔══██╗██╔════╝██╔════╝╚══██╔══╝██║  ██║██╔════╝██╔════╝██╔════╝██╔════╝██╔══██╗   ██╔══██╗██╔════╝██║   ██║
   ██║   ██████╔╝█████╗  █████╗     ██║   ███████║█████╗  ███████╗█████╗  █████╗  ██║  ██║   ██║  ██║█████╗  ██║   ██║
   ██║   ██╔══██╗██╔══╝  ██╔══╝     ██║   ██╔══██║██╔══╝  ╚════██║██╔══╝  ██╔══╝  ██║  ██║   ██║  ██║██╔══╝  ╚██╗ ██╔╝
   ██║   ██║  ██║███████╗███████╗██╗██║   ██║  ██║███████╗███████║███████╗███████╗██████╔╝██╗██████╔╝███████╗ ╚████╔╝ 
   ╚═╝   ╚═╝  ╚═╝╚══════╝╚══════╝╚═╝╚═╝   ╚═╝  ╚═╝╚══════╝╚══════╝╚══════╝╚══════╝╚═════╝ ╚═╝╚═════╝ ╚══════╝  ╚═══╝  

[2025-05-06 18:28:06.921] (INFO) Boup Bip Bip ! (Listen on 2083)
[2025-05-06 18:28:06.963] (INFO) Bip Boup Boup Bip ! (Mysql - OK)
[2025-05-06 18:28:14.688] (INFO) 
████████╗██████╗ ███████╗███████╗████████╗██╗  ██╗███████╗███████╗███████╗███████╗██████╗    ██████╗ ███████╗██╗   ██╗
╚══██╔══╝██╔══██╗██╔════╝██╔════╝╚══██╔══╝██║  ██║██╔════╝██╔════╝██╔════╝██╔════╝██╔══██╗   ██╔══██╗██╔════╝██║   ██║
   ██║   ██████╔╝█████╗  █████╗     ██║   ███████║█████╗  ███████╗█████╗  █████╗  ██║  ██║   ██║  ██║█████╗  ██║   ██║
   ██║   ██╔══██╗██╔══╝  ██╔══╝     ██║   ██╔══██║██╔══╝  ╚════██║██╔══╝  ██╔══╝  ██║  ██║   ██║  ██║██╔══╝  ╚██╗ ██╔╝
   ██║   ██║  ██║███████╗███████╗██╗██║   ██║  ██║███████╗███████║███████╗███████╗██████╔╝██╗██████╔╝███████╗ ╚████╔╝ 
   ╚═╝   ╚═╝  ╚═╝╚══════╝╚══════╝╚═╝╚═╝   ╚═╝  ╚═╝╚══════╝╚══════╝╚══════╝╚══════╝╚═════╝ ╚═╝╚═════╝ ╚══════╝  ╚═══╝  

[2025-05-06 18:28:14.768] (INFO) Boup Bip Bip ! (Listen on 2083)
[2025-05-06 18:28:14.796] (INFO) Bip Boup Boup Bip ! (Mysql - OK)
[2025-05-06 18:28:16.796] (INFO) POST /cv/public/contact - ::ffff:172.68.151.84

[2025-05-06 18:28:16.802] (INFO) POST /public/contact - {} - By ::ffff:172.68.151.84
[2025-05-06 18:33:17.943] (INFO) 
████████╗██████╗ ███████╗███████╗████████╗██╗  ██╗███████╗███████╗███████╗███████╗██████╗    ██████╗ ███████╗██╗   ██╗
╚══██╔══╝██╔══██╗██╔════╝██╔════╝╚══██╔══╝██║  ██║██╔════╝██╔════╝██╔════╝██╔════╝██╔══██╗   ██╔══██╗██╔════╝██║   ██║
   ██║   ██████╔╝█████╗  █████╗     ██║   ███████║█████╗  ███████╗█████╗  █████╗  ██║  ██║   ██║  ██║█████╗  ██║   ██║
   ██║   ██╔══██╗██╔══╝  ██╔══╝     ██║   ██╔══██║██╔══╝  ╚════██║██╔══╝  ██╔══╝  ██║  ██║   ██║  ██║██╔══╝  ╚██╗ ██╔╝
   ██║   ██║  ██║███████╗███████╗██╗██║   ██║  ██║███████╗███████║███████╗███████╗██████╔╝██╗██████╔╝███████╗ ╚████╔╝ 
   ╚═╝   ╚═╝  ╚═╝╚══════╝╚══════╝╚═╝╚═╝   ╚═╝  ╚═╝╚══════╝╚══════╝╚══════╝╚══════╝╚═════╝ ╚═╝╚═════╝ ╚══════╝  ╚═══╝  

[2025-05-06 18:33:18.044] (INFO) Boup Bip Bip ! (Listen on 2083)
[2025-05-06 18:33:18.098] (INFO) Bip Boup Boup Bip ! (Mysql - OK)
[2025-05-06 18:33:23.722] (INFO) POST /cv/public/contact - ::ffff:141.101.69.8

[2025-05-06 18:33:23.727] (INFO) POST /public/contact - {} - By ::ffff:141.101.69.8
[2025-05-06 18:33:23.988] (ERROR) AxiosError: Request failed with status code 400
[2025-05-06 21:27:49.691] (INFO) 
████████╗██████╗ ███████╗███████╗████████╗██╗  ██╗███████╗███████╗███████╗███████╗██████╗    ██████╗ ███████╗██╗   ██╗
╚══██╔══╝██╔══██╗██╔════╝██╔════╝╚══██╔══╝██║  ██║██╔════╝██╔════╝██╔════╝██╔════╝██╔══██╗   ██╔══██╗██╔════╝██║   ██║
   ██║   ██████╔╝█████╗  █████╗     ██║   ███████║█████╗  ███████╗█████╗  █████╗  ██║  ██║   ██║  ██║█████╗  ██║   ██║
   ██║   ██╔══██╗██╔══╝  ██╔══╝     ██║   ██╔══██║██╔══╝  ╚════██║██╔══╝  ██╔══╝  ██║  ██║   ██║  ██║██╔══╝  ╚██╗ ██╔╝
   ██║   ██║  ██║███████╗███████╗██╗██║   ██║  ██║███████╗███████║███████╗███████╗██████╔╝██╗██████╔╝███████╗ ╚████╔╝ 
   ╚═╝   ╚═╝  ╚═╝╚══════╝╚══════╝╚═╝╚═╝   ╚═╝  ╚═╝╚══════╝╚══════╝╚══════╝╚══════╝╚═════╝ ╚═╝╚═════╝ ╚══════╝  ╚═══╝  

[2025-05-06 21:27:49.830] (INFO) Boup Bip Bip ! (Listen on 2083)
[2025-05-06 21:27:49.883] (INFO) Bip Boup Boup Bip ! (Mysql - OK)
[2025-05-06 21:35:08.287] (INFO) POST /cv/public/contact - ::ffff:172.71.232.161

[2025-05-06 21:35:08.293] (INFO) POST /public/contact - {} - By ::ffff:172.71.232.161
[2025-05-06 21:35:08.630] (ERROR) AxiosError: Request failed with status code 400
[2025-05-06 21:50:46.970] (INFO) 
████████╗██████╗ ███████╗███████╗████████╗██╗  ██╗███████╗███████╗███████╗███████╗██████╗    ██████╗ ███████╗██╗   ██╗
╚══██╔══╝██╔══██╗██╔════╝██╔════╝╚══██╔══╝██║  ██║██╔════╝██╔════╝██╔════╝██╔════╝██╔══██╗   ██╔══██╗██╔════╝██║   ██║
   ██║   ██████╔╝█████╗  █████╗     ██║   ███████║█████╗  ███████╗█████╗  █████╗  ██║  ██║   ██║  ██║█████╗  ██║   ██║
   ██║   ██╔══██╗██╔══╝  ██╔══╝     ██║   ██╔══██║██╔══╝  ╚════██║██╔══╝  ██╔══╝  ██║  ██║   ██║  ██║██╔══╝  ╚██╗ ██╔╝
   ██║   ██║  ██║███████╗███████╗██╗██║   ██║  ██║███████╗███████║███████╗███████╗██████╔╝██╗██████╔╝███████╗ ╚████╔╝ 
   ╚═╝   ╚═╝  ╚═╝╚══════╝╚══════╝╚═╝╚═╝   ╚═╝  ╚═╝╚══════╝╚══════╝╚══════╝╚══════╝╚═════╝ ╚═╝╚═════╝ ╚══════╝  ╚═══╝  

[2025-05-06 21:50:47.109] (INFO) Boup Bip Bip ! (Listen on 2083)
[2025-05-06 21:50:47.168] (INFO) Bip Boup Boup Bip ! (Mysql - OK)
[2025-05-06 21:50:57.601] (INFO) POST /cv/public/contact - ::ffff:172.71.135.82

[2025-05-06 21:50:57.607] (INFO) POST /public/contact - {} - By ::ffff:172.71.135.82
[2025-05-06 21:50:57.879] (ERROR) AxiosError: Request failed with status code 400
[2025-05-06 21:52:45.703] (INFO) 
████████╗██████╗ ███████╗███████╗████████╗██╗  ██╗███████╗███████╗███████╗███████╗██████╗    ██████╗ ███████╗██╗   ██╗
╚══██╔══╝██╔══██╗██╔════╝██╔════╝╚══██╔══╝██║  ██║██╔════╝██╔════╝██╔════╝██╔════╝██╔══██╗   ██╔══██╗██╔════╝██║   ██║
   ██║   ██████╔╝█████╗  █████╗     ██║   ███████║█████╗  ███████╗█████╗  █████╗  ██║  ██║   ██║  ██║█████╗  ██║   ██║
   ██║   ██╔══██╗██╔══╝  ██╔══╝     ██║   ██╔══██║██╔══╝  ╚════██║██╔══╝  ██╔══╝  ██║  ██║   ██║  ██║██╔══╝  ╚██╗ ██╔╝
   ██║   ██║  ██║███████╗███████╗██╗██║   ██║  ██║███████╗███████║███████╗███████╗██████╔╝██╗██████╔╝███████╗ ╚████╔╝ 
   ╚═╝   ╚═╝  ╚═╝╚══════╝╚══════╝╚═╝╚═╝   ╚═╝  ╚═╝╚══════╝╚══════╝╚══════╝╚══════╝╚═════╝ ╚═╝╚═════╝ ╚══════╝  ╚═══╝  

[2025-05-06 21:52:45.821] (INFO) Boup Bip Bip ! (Listen on 2083)
[2025-05-06 21:52:45.861] (INFO) Bip Boup Boup Bip ! (Mysql - OK)
[2025-05-06 21:52:52.489] (INFO) POST /cv/public/contact - ::ffff:172.71.118.252

[2025-05-06 21:52:52.494] (INFO) POST /public/contact - {} - By ::ffff:172.71.118.252
[2025-05-06 21:52:52.495] (INFO) [object Object]
[2025-05-06 21:52:52.496] (ERROR) ReferenceError: webhookUrl is not defined
[2025-05-06 21:53:27.921] (INFO) 
████████╗██████╗ ███████╗███████╗████████╗██╗  ██╗███████╗███████╗███████╗███████╗██████╗    ██████╗ ███████╗██╗   ██╗
╚══██╔══╝██╔══██╗██╔════╝██╔════╝╚══██╔══╝██║  ██║██╔════╝██╔════╝██╔════╝██╔════╝██╔══██╗   ██╔══██╗██╔════╝██║   ██║
   ██║   ██████╔╝█████╗  █████╗     ██║   ███████║█████╗  ███████╗█████╗  █████╗  ██║  ██║   ██║  ██║█████╗  ██║   ██║
   ██║   ██╔══██╗██╔══╝  ██╔══╝     ██║   ██╔══██║██╔══╝  ╚════██║██╔══╝  ██╔══╝  ██║  ██║   ██║  ██║██╔══╝  ╚██╗ ██╔╝
   ██║   ██║  ██║███████╗███████╗██╗██║   ██║  ██║███████╗███████║███████╗███████╗██████╔╝██╗██████╔╝███████╗ ╚████╔╝ 
   ╚═╝   ╚═╝  ╚═╝╚══════╝╚══════╝╚═╝╚═╝   ╚═╝  ╚═╝╚══════╝╚══════╝╚══════╝╚══════╝╚═════╝ ╚═╝╚═════╝ ╚══════╝  ╚═══╝  

[2025-05-06 21:53:28.020] (INFO) Boup Bip Bip ! (Listen on 2083)
[2025-05-06 21:53:28.053] (INFO) Bip Boup Boup Bip ! (Mysql - OK)
[2025-05-06 21:54:00.789] (INFO) POST /cv/public/contact - ::ffff:172.71.127.160

[2025-05-06 21:54:00.795] (INFO) POST /public/contact - {} - By ::ffff:172.71.127.160
[2025-05-06 21:54:00.799] (ERROR) ReferenceError: webhookUrl is not defined
[2025-05-06 21:54:52.475] (INFO) 
████████╗██████╗ ███████╗███████╗████████╗██╗  ██╗███████╗███████╗███████╗███████╗██████╗    ██████╗ ███████╗██╗   ██╗
╚══██╔══╝██╔══██╗██╔════╝██╔════╝╚══██╔══╝██║  ██║██╔════╝██╔════╝██╔════╝██╔════╝██╔══██╗   ██╔══██╗██╔════╝██║   ██║
   ██║   ██████╔╝█████╗  █████╗     ██║   ███████║█████╗  ███████╗█████╗  █████╗  ██║  ██║   ██║  ██║█████╗  ██║   ██║
   ██║   ██╔══██╗██╔══╝  ██╔══╝     ██║   ██╔══██║██╔══╝  ╚════██║██╔══╝  ██╔══╝  ██║  ██║   ██║  ██║██╔══╝  ╚██╗ ██╔╝
   ██║   ██║  ██║███████╗███████╗██╗██║   ██║  ██║███████╗███████║███████╗███████╗██████╔╝██╗██████╔╝███████╗ ╚████╔╝ 
   ╚═╝   ╚═╝  ╚═╝╚══════╝╚══════╝╚═╝╚═╝   ╚═╝  ╚═╝╚══════╝╚══════╝╚══════╝╚══════╝╚═════╝ ╚═╝╚═════╝ ╚══════╝  ╚═══╝  

[2025-05-06 21:54:52.611] (INFO) Boup Bip Bip ! (Listen on 2083)
[2025-05-06 21:54:52.656] (INFO) Bip Boup Boup Bip ! (Mysql - OK)
[2025-05-06 21:54:55.436] (INFO) POST /cv/public/contact - ::ffff:172.68.151.159

[2025-05-06 21:54:55.442] (INFO) POST /public/contact - {} - By ::ffff:172.68.151.159
[2025-05-06 21:54:55.483] (ERROR) ReferenceError: webhookUrl is not defined
[2025-05-06 21:55:43.095] (INFO) POST /cv/public/contact - ::ffff:172.71.135.91

[2025-05-06 21:55:43.098] (INFO) POST /public/contact - {} - By ::ffff:172.71.135.91
[2025-05-06 21:55:43.123] (ERROR) ReferenceError: webhookUrl is not defined
[2025-05-06 22:00:56.393] (INFO) 
████████╗██████╗ ███████╗███████╗████████╗██╗  ██╗███████╗███████╗███████╗███████╗██████╗    ██████╗ ███████╗██╗   ██╗
╚══██╔══╝██╔══██╗██╔════╝██╔════╝╚══██╔══╝██║  ██║██╔════╝██╔════╝██╔════╝██╔════╝██╔══██╗   ██╔══██╗██╔════╝██║   ██║
   ██║   ██████╔╝█████╗  █████╗     ██║   ███████║█████╗  ███████╗█████╗  █████╗  ██║  ██║   ██║  ██║█████╗  ██║   ██║
   ██║   ██╔══██╗██╔══╝  ██╔══╝     ██║   ██╔══██║██╔══╝  ╚════██║██╔══╝  ██╔══╝  ██║  ██║   ██║  ██║██╔══╝  ╚██╗ ██╔╝
   ██║   ██║  ██║███████╗███████╗██╗██║   ██║  ██║███████╗███████║███████╗███████╗██████╔╝██╗██████╔╝███████╗ ╚████╔╝ 
   ╚═╝   ╚═╝  ╚═╝╚══════╝╚══════╝╚═╝╚═╝   ╚═╝  ╚═╝╚══════╝╚══════╝╚══════╝╚══════╝╚═════╝ ╚═╝╚═════╝ ╚══════╝  ╚═══╝  

[2025-05-06 22:01:01.200] (INFO) 
████████╗██████╗ ███████╗███████╗████████╗██╗  ██╗███████╗███████╗███████╗███████╗██████╗    ██████╗ ███████╗██╗   ██╗
╚══██╔══╝██╔══██╗██╔════╝██╔════╝╚══██╔══╝██║  ██║██╔════╝██╔════╝██╔════╝██╔════╝██╔══██╗   ██╔══██╗██╔════╝██║   ██║
   ██║   ██████╔╝█████╗  █████╗     ██║   ███████║█████╗  ███████╗█████╗  █████╗  ██║  ██║   ██║  ██║█████╗  ██║   ██║
   ██║   ██╔══██╗██╔══╝  ██╔══╝     ██║   ██╔══██║██╔══╝  ╚════██║██╔══╝  ██╔══╝  ██║  ██║   ██║  ██║██╔══╝  ╚██╗ ██╔╝
   ██║   ██║  ██║███████╗███████╗██╗██║   ██║  ██║███████╗███████║███████╗███████╗██████╔╝██╗██████╔╝███████╗ ╚████╔╝ 
   ╚═╝   ╚═╝  ╚═╝╚══════╝╚══════╝╚═╝╚═╝   ╚═╝  ╚═╝╚══════╝╚══════╝╚══════╝╚══════╝╚═════╝ ╚═╝╚═════╝ ╚══════╝  ╚═══╝  

[2025-05-06 22:01:05.997] (INFO) 
████████╗██████╗ ███████╗███████╗████████╗██╗  ██╗███████╗███████╗███████╗███████╗██████╗    ██████╗ ███████╗██╗   ██╗
╚══██╔══╝██╔══██╗██╔════╝██╔════╝╚══██╔══╝██║  ██║██╔════╝██╔════╝██╔════╝██╔════╝██╔══██╗   ██╔══██╗██╔════╝██║   ██║
   ██║   ██████╔╝█████╗  █████╗     ██║   ███████║█████╗  ███████╗█████╗  █████╗  ██║  ██║   ██║  ██║█████╗  ██║   ██║
   ██║   ██╔══██╗██╔══╝  ██╔══╝     ██║   ██╔══██║██╔══╝  ╚════██║██╔══╝  ██╔══╝  ██║  ██║   ██║  ██║██╔══╝  ╚██╗ ██╔╝
   ██║   ██║  ██║███████╗███████╗██╗██║   ██║  ██║███████╗███████║███████╗███████╗██████╔╝██╗██████╔╝███████╗ ╚████╔╝ 
   ╚═╝   ╚═╝  ╚═╝╚══════╝╚══════╝╚═╝╚═╝   ╚═╝  ╚═╝╚══════╝╚══════╝╚══════╝╚══════╝╚═════╝ ╚═╝╚═════╝ ╚══════╝  ╚═══╝  

[2025-05-06 22:02:04.696] (INFO) 
████████╗██████╗ ███████╗███████╗████████╗██╗  ██╗███████╗███████╗███████╗███████╗██████╗    ██████╗ ███████╗██╗   ██╗
╚══██╔══╝██╔══██╗██╔════╝██╔════╝╚══██╔══╝██║  ██║██╔════╝██╔════╝██╔════╝██╔════╝██╔══██╗   ██╔══██╗██╔════╝██║   ██║
   ██║   ██████╔╝█████╗  █████╗     ██║   ███████║█████╗  ███████╗█████╗  █████╗  ██║  ██║   ██║  ██║█████╗  ██║   ██║
   ██║   ██╔══██╗██╔══╝  ██╔══╝     ██║   ██╔══██║██╔══╝  ╚════██║██╔══╝  ██╔══╝  ██║  ██║   ██║  ██║██╔══╝  ╚██╗ ██╔╝
   ██║   ██║  ██║███████╗███████╗██╗██║   ██║  ██║███████╗███████║███████╗███████╗██████╔╝██╗██████╔╝███████╗ ╚████╔╝ 
   ╚═╝   ╚═╝  ╚═╝╚══════╝╚══════╝╚═╝╚═╝   ╚═╝  ╚═╝╚══════╝╚══════╝╚══════╝╚══════╝╚═════╝ ╚═╝╚═════╝ ╚══════╝  ╚═══╝  

[2025-05-06 22:02:04.893] (INFO) Boup Bip Bip ! (Listen on 2083)
[2025-05-06 22:02:05.230] (INFO) Bip Boup Boup Bip ! (Mysql - OK)
[2025-05-06 22:02:38.145] (INFO) POST /api/cv/contact - ::ffff:172.71.134.162

[2025-05-06 22:02:47.075] (INFO) POST /api/cv/contact - ::ffff:172.71.134.163

[2025-05-06 22:03:18.679] (INFO) POST /cv/public/contact - ::ffff:172.71.232.55

[2025-05-06 22:03:18.683] (INFO) POST /public/contact - undefined - By ::ffff:172.71.232.55
[2025-05-06 22:03:18.722] (ERROR) ReferenceError: webhookUrl is not defined
[2025-05-06 22:03:23.855] (INFO) POST /cv/public/contact - ::ffff:172.71.232.54

[2025-05-06 22:03:23.857] (INFO) POST /public/contact - undefined - By ::ffff:172.71.232.54
[2025-05-06 22:03:23.880] (ERROR) ReferenceError: webhookUrl is not defined
[2025-05-06 22:04:07.814] (INFO) 
████████╗██████╗ ███████╗███████╗████████╗██╗  ██╗███████╗███████╗███████╗███████╗██████╗    ██████╗ ███████╗██╗   ██╗
╚══██╔══╝██╔══██╗██╔════╝██╔════╝╚══██╔══╝██║  ██║██╔════╝██╔════╝██╔════╝██╔════╝██╔══██╗   ██╔══██╗██╔════╝██║   ██║
   ██║   ██████╔╝█████╗  █████╗     ██║   ███████║█████╗  ███████╗█████╗  █████╗  ██║  ██║   ██║  ██║█████╗  ██║   ██║
   ██║   ██╔══██╗██╔══╝  ██╔══╝     ██║   ██╔══██║██╔══╝  ╚════██║██╔══╝  ██╔══╝  ██║  ██║   ██║  ██║██╔══╝  ╚██╗ ██╔╝
   ██║   ██║  ██║███████╗███████╗██╗██║   ██║  ██║███████╗███████║███████╗███████╗██████╔╝██╗██████╔╝███████╗ ╚████╔╝ 
   ╚═╝   ╚═╝  ╚═╝╚══════╝╚══════╝╚═╝╚═╝   ╚═╝  ╚═╝╚══════╝╚══════╝╚══════╝╚══════╝╚═════╝ ╚═╝╚═════╝ ╚══════╝  ╚═══╝  

[2025-05-06 22:04:07.965] (INFO) Boup Bip Bip ! (Listen on 2083)
[2025-05-06 22:04:08.016] (INFO) Bip Boup Boup Bip ! (Mysql - OK)
[2025-05-06 22:08:13.967] (INFO) 
████████╗██████╗ ███████╗███████╗████████╗██╗  ██╗███████╗███████╗███████╗███████╗██████╗    ██████╗ ███████╗██╗   ██╗
╚══██╔══╝██╔══██╗██╔════╝██╔════╝╚══██╔══╝██║  ██║██╔════╝██╔════╝██╔════╝██╔════╝██╔══██╗   ██╔══██╗██╔════╝██║   ██║
   ██║   ██████╔╝█████╗  █████╗     ██║   ███████║█████╗  ███████╗█████╗  █████╗  ██║  ██║   ██║  ██║█████╗  ██║   ██║
   ██║   ██╔══██╗██╔══╝  ██╔══╝     ██║   ██╔══██║██╔══╝  ╚════██║██╔══╝  ██╔══╝  ██║  ██║   ██║  ██║██╔══╝  ╚██╗ ██╔╝
   ██║   ██║  ██║███████╗███████╗██╗██║   ██║  ██║███████╗███████║███████╗███████╗██████╔╝██╗██████╔╝███████╗ ╚████╔╝ 
   ╚═╝   ╚═╝  ╚═╝╚══════╝╚══════╝╚═╝╚═╝   ╚═╝  ╚═╝╚══════╝╚══════╝╚══════╝╚══════╝╚═════╝ ╚═╝╚═════╝ ╚══════╝  ╚═══╝  

[2025-05-06 22:08:14.111] (INFO) Boup Bip Bip ! (Listen on 2083)
[2025-05-06 22:08:14.164] (INFO) Bip Boup Boup Bip ! (Mysql - OK)
[2025-05-06 22:08:17.313] (INFO) POST /cv/public/contact - ::ffff:172.71.134.173

[2025-05-06 22:08:17.315] (INFO) POST /public/contact - undefined - By ::ffff:172.71.134.173
[2025-05-06 22:08:17.355] (ERROR) TypeError: Cannot read properties of undefined (reading 'name')
[2025-05-06 22:09:09.867] (INFO) 
████████╗██████╗ ███████╗███████╗████████╗██╗  ██╗███████╗███████╗███████╗███████╗██████╗    ██████╗ ███████╗██╗   ██╗
╚══██╔══╝██╔══██╗██╔════╝██╔════╝╚══██╔══╝██║  ██║██╔════╝██╔════╝██╔════╝██╔════╝██╔══██╗   ██╔══██╗██╔════╝██║   ██║
   ██║   ██████╔╝█████╗  █████╗     ██║   ███████║█████╗  ███████╗█████╗  █████╗  ██║  ██║   ██║  ██║█████╗  ██║   ██║
   ██║   ██╔══██╗██╔══╝  ██╔══╝     ██║   ██╔══██║██╔══╝  ╚════██║██╔══╝  ██╔══╝  ██║  ██║   ██║  ██║██╔══╝  ╚██╗ ██╔╝
   ██║   ██║  ██║███████╗███████╗██╗██║   ██║  ██║███████╗███████║███████╗███████╗██████╔╝██╗██████╔╝███████╗ ╚████╔╝ 
   ╚═╝   ╚═╝  ╚═╝╚══════╝╚══════╝╚═╝╚═╝   ╚═╝  ╚═╝╚══════╝╚══════╝╚══════╝╚══════╝╚═════╝ ╚═╝╚═════╝ ╚══════╝  ╚═══╝  

[2025-05-06 22:09:10.011] (INFO) Boup Bip Bip ! (Listen on 2083)
[2025-05-06 22:09:10.060] (INFO) Bip Boup Boup Bip ! (Mysql - OK)
[2025-05-06 22:09:56.618] (INFO) POST /cv/public/contact - ::ffff:141.101.69.96

[2025-05-06 22:09:56.621] (INFO) POST /public/contact - undefined - By ::ffff:141.101.69.96
[2025-05-06 22:09:56.625] (ERROR) TypeError: Cannot read properties of undefined (reading 'name')
[2025-05-06 23:08:31.039] (INFO) 
████████╗██████╗ ███████╗███████╗████████╗██╗  ██╗███████╗███████╗███████╗███████╗██████╗    ██████╗ ███████╗██╗   ██╗
╚══██╔══╝██╔══██╗██╔════╝██╔════╝╚══██╔══╝██║  ██║██╔════╝██╔════╝██╔════╝██╔════╝██╔══██╗   ██╔══██╗██╔════╝██║   ██║
   ██║   ██████╔╝█████╗  █████╗     ██║   ███████║█████╗  ███████╗█████╗  █████╗  ██║  ██║   ██║  ██║█████╗  ██║   ██║
   ██║   ██╔══██╗██╔══╝  ██╔══╝     ██║   ██╔══██║██╔══╝  ╚════██║██╔══╝  ██╔══╝  ██║  ██║   ██║  ██║██╔══╝  ╚██╗ ██╔╝
   ██║   ██║  ██║███████╗███████╗██╗██║   ██║  ██║███████╗███████║███████╗███████╗██████╔╝██╗██████╔╝███████╗ ╚████╔╝ 
   ╚═╝   ╚═╝  ╚═╝╚══════╝╚══════╝╚═╝╚═╝   ╚═╝  ╚═╝╚══════╝╚══════╝╚══════╝╚══════╝╚═════╝ ╚═╝╚═════╝ ╚══════╝  ╚═══╝  

[2025-05-06 23:08:42.744] (INFO) 
████████╗██████╗ ███████╗███████╗████████╗██╗  ██╗███████╗███████╗███████╗███████╗██████╗    ██████╗ ███████╗██╗   ██╗
╚══██╔══╝██╔══██╗██╔════╝██╔════╝╚══██╔══╝██║  ██║██╔════╝██╔════╝██╔════╝██╔════╝██╔══██╗   ██╔══██╗██╔════╝██║   ██║
   ██║   ██████╔╝█████╗  █████╗     ██║   ███████║█████╗  ███████╗█████╗  █████╗  ██║  ██║   ██║  ██║█████╗  ██║   ██║
   ██║   ██╔══██╗██╔══╝  ██╔══╝     ██║   ██╔══██║██╔══╝  ╚════██║██╔══╝  ██╔══╝  ██║  ██║   ██║  ██║██╔══╝  ╚██╗ ██╔╝
   ██║   ██║  ██║███████╗███████╗██╗██║   ██║  ██║███████╗███████║███████╗███████╗██████╔╝██╗██████╔╝███████╗ ╚████╔╝ 
   ╚═╝   ╚═╝  ╚═╝╚══════╝╚══════╝╚═╝╚═╝   ╚═╝  ╚═╝╚══════╝╚══════╝╚══════╝╚══════╝╚═════╝ ╚═╝╚═════╝ ╚══════╝  ╚═══╝  

[2025-05-06 23:08:42.820] (INFO) Boup Bip Bip ! (Listen on 2083)
[2025-05-06 23:08:42.880] (INFO) Bip Boup Boup Bip ! (Mysql - OK)
[2025-05-06 23:08:46.496] (INFO) POST /cv/public/contact - ::ffff:141.101.69.87

[2025-05-06 23:08:46.499] (INFO) POST /public/contact - undefined - By ::ffff:141.101.69.87
[2025-05-06 23:12:03.390] (INFO) 
████████╗██████╗ ███████╗███████╗████████╗██╗  ██╗███████╗███████╗███████╗███████╗██████╗    ██████╗ ███████╗██╗   ██╗
╚══██╔══╝██╔══██╗██╔════╝██╔════╝╚══██╔══╝██║  ██║██╔════╝██╔════╝██╔════╝██╔════╝██╔══██╗   ██╔══██╗██╔════╝██║   ██║
   ██║   ██████╔╝█████╗  █████╗     ██║   ███████║█████╗  ███████╗█████╗  █████╗  ██║  ██║   ██║  ██║█████╗  ██║   ██║
   ██║   ██╔══██╗██╔══╝  ██╔══╝     ██║   ██╔══██║██╔══╝  ╚════██║██╔══╝  ██╔══╝  ██║  ██║   ██║  ██║██╔══╝  ╚██╗ ██╔╝
   ██║   ██║  ██║███████╗███████╗██╗██║   ██║  ██║███████╗███████║███████╗███████╗██████╔╝██╗██████╔╝███████╗ ╚████╔╝ 
   ╚═╝   ╚═╝  ╚═╝╚══════╝╚══════╝╚═╝╚═╝   ╚═╝  ╚═╝╚══════╝╚══════╝╚══════╝╚══════╝╚═════╝ ╚═╝╚═════╝ ╚══════╝  ╚═══╝  

[2025-05-06 23:12:03.497] (INFO) Boup Bip Bip ! (Listen on 2083)
[2025-05-06 23:12:03.546] (INFO) Bip Boup Boup Bip ! (Mysql - OK)
[2025-05-06 23:12:13.238] (INFO) POST /cv/public/contact - ::ffff:172.69.222.5

[2025-05-06 23:12:13.240] (INFO) POST /public/contact - {"name":"Canu Anthony","email":"canuanthony12.03@gmail.com","subject":"Edit","message":"Edit"} - By ::ffff:172.69.222.5
